01/05/2021 12:00:00 - New match 12000001 has started
01/05/2021 12:05:00 - Alex killed Bruno using AK47
01/05/2021 12:06:30 - Carla killed Alex using M16
01/05/2021 12:10:45 - <WORLD> killed Carla by DROWN
01/05/2021 12:15:00 - Match 12000001 has ended

02/05/2021 14:30:10 - New match 12000002 has started
02/05/2021 14:31:20 - Bruno killed Daniel using Shotgun
02/05/2021 14:32:50 - Daniel killed Bruno using Sniper
02/05/2021 14:35:00 - Bruno killed Carla using AK47
02/05/2021 14:40:00 - Match 12000002 has ended

03/05/2021 17:20:00 - New match 12000003 has started
03/05/2021 17:25:30 - Elena killed Fabio using Grenade
03/05/2021 17:28:45 - Fabio killed Elena using M16
03/05/2021 17:30:00 - <WORLD> killed Fabio by DROWN
03/05/2021 17:35:00 - Match 12000003 has ended

04/05/2021 09:10:00 - New match 12000004 has started
04/05/2021 09:15:22 - Gabriela killed Helena using M16
04/05/2021 09:16:45 - Helena killed Gabriela using AK47
04/05/2021 09:18:30 - Gabriela killed Igor using Sniper
04/05/2021 09:20:00 - Igor killed Helena using AK47
04/05/2021 09:25:00 - Match 12000004 has ended

05/05/2021 20:00:00 - New match 12000005 has started
05/05/2021 20:05:30 - Jack killed Kevin using Shotgun
05/05/2021 20:06:45 - Kevin killed Jack using M16
05/05/2021 20:08:00 - Jack killed Liam using AK47
05/05/2021 20:10:00 - Liam killed Kevin using Grenade
05/05/2021 20:12:00 - <WORLD> killed Liam by DROWN
05/05/2021 20:15:00 - Match 12000005 has ended

06/05/2021 11:00:00 - New match 12000006 has started
06/05/2021 11:02:30 - Maria killed Nina using AK47
06/05/2021 11:05:00 - Nina killed Oscar using M16
06/05/2021 11:07:30 - Maria killed Oscar using Grenade
06/05/2021 11:10:00 - <WORLD> killed Maria by DROWN
06/05/2021 11:12:00 - Match 12000006 has ended

07/05/2021 13:15:00 - New match 12000007 has started
07/05/2021 13:20:15 - Paul killed Quinn using M16
07/05/2021 13:22:00 - Quinn killed Rachel using AK47
07/05/2021 13:25:30 - Paul killed Rachel using Sniper
07/05/2021 13:30:00 - Rachel killed Paul using Grenade
07/05/2021 13:35:00 - Match 12000007 has ended

08/05/2021 16:45:00 - New match 12000008 has started
08/05/2021 16:50:30 - Steve killed Tom using AK47
08/05/2021 16:52:00 - Tom killed Steve using M16
08/05/2021 16:55:00 - <WORLD> killed Steve by DROWN
08/05/2021 17:00:00 - Match 12000008 has ended

09/05/2021 19:30:00 - New match 12000009 has started
09/05/2021 19:32:15 - Uma killed Victor using Grenade
09/05/2021 19:33:45 - Victor killed Uma using AK47
09/05/2021 19:36:00 - Victor killed Walter using M16
09/05/2021 19:38:00 - <WORLD> killed Victor by DROWN
09/05/2021 19:40:00 - Match 12000009 has ended

10/05/2021 21:00:00 - New match 12000010 has started
10/05/2021 21:05:00 - Xavier killed Yvonne using Sniper
10/05/2021 21:06:30 - Yvonne killed Xavier using AK47
10/05/2021 21:08:00 - Xavier killed Zach using M16
10/05/2021 21:10:00 - Zach killed Yvonne using Grenade
10/05/2021 21:12:00 - <WORLD> killed Zach by DROWN
10/05/2021 21:15:00 - Match 12000010 has ended